TVUIComponent/lib/build/outputs/logs/manifest-merger-debug-report.txt
-- Merging decision tree log ---
manifest
ADDED from src/main/AndroidManifest.xml:32:1-126:12
INJECTED from src/main/AndroidManifest.xml:32:1-126:12
INJECTED from src/main/AndroidManifest.xml:32:1-126:12
INJECTED from src/main/AndroidManifest.xml:32:1-126:12
INJECTED from src/main/AndroidManifest.xml:32:1-126:12
INJECTED from src/main/AndroidManifest.xml:32:1-126:12
INJECTED from src/main/AndroidManifest.xml:32:1-126:12
	xmlns:amazon
		ADDED from src/main/AndroidManifest.xml:33:11-67
	package
		ADDED from src/main/AndroidManifest.xml:34:11-50
		INJECTED from src/main/AndroidManifest.xml
		INJECTED from src/main/AndroidManifest.xml
	android:versionName
		INJECTED from src/main/AndroidManifest.xml
		ADDED from src/main/AndroidManifest.xml:32:1-126:12
		INJECTED from src/main/AndroidManifest.xml
	android:versionCode
		INJECTED from src/main/AndroidManifest.xml
		ADDED from src/main/AndroidManifest.xml:32:1-126:12
		INJECTED from src/main/AndroidManifest.xml
	xmlns:android
		ADDED from src/main/AndroidManifest.xml:32:11-69
uses-permission#android.permission.INTERNET
ADDED from src/main/AndroidManifest.xml:37:5-66
	android:name
		ADDED from src/main/AndroidManifest.xml:37:22-64
uses-permission#android.permission.RECEIVE_BOOT_COMPLETED
ADDED from src/main/AndroidManifest.xml:38:5-80
	android:name
		ADDED from src/main/AndroidManifest.xml:38:22-78
uses-permission#android.permission.ACCESS_NETWORK_STATE
ADDED from src/main/AndroidManifest.xml:39:5-78
	android:name
		ADDED from src/main/AndroidManifest.xml:39:22-76
uses-feature#android.hardware.microphone
ADDED from src/main/AndroidManifest.xml:41:5-43:39
	android:required
		ADDED from src/main/AndroidManifest.xml:43:13-37
	android:name
		ADDED from src/main/AndroidManifest.xml:42:13-55
uses-feature#android.hardware.touchscreen
ADDED from src/main/AndroidManifest.xml:44:5-46:39
	android:required
		ADDED from src/main/AndroidManifest.xml:46:13-37
	android:name
		ADDED from src/main/AndroidManifest.xml:45:13-56
uses-feature#android.software.leanback
ADDED from src/main/AndroidManifest.xml:47:5-49:38
	android:required
		ADDED from src/main/AndroidManifest.xml:49:13-36
	android:name
		ADDED from src/main/AndroidManifest.xml:48:13-53
uses-permission#android.permission.WRITE_EXTERNAL_STORAGE
ADDED from src/main/AndroidManifest.xml:51:5-80
	android:name
		ADDED from src/main/AndroidManifest.xml:51:22-78
uses-permission#android.permission.READ_EXTERNAL_STORAGE
ADDED from src/main/AndroidManifest.xml:52:5-79
	android:name
		ADDED from src/main/AndroidManifest.xml:52:22-77
permission#com.fireappbuilder.android.mycompany123.RECEIVE_ADM_MESSAGE
ADDED from src/main/AndroidManifest.xml:58:5-60:47
	android:protectionLevel
		ADDED from src/main/AndroidManifest.xml:60:9-44
	android:name
		ADDED from src/main/AndroidManifest.xml:59:9-83
uses-permission#com.fireappbuilder.android.mycompany123.RECEIVE_ADM_MESSAGE
ADDED from src/main/AndroidManifest.xml:62:5-99
	android:name
		ADDED from src/main/AndroidManifest.xml:62:22-96
uses-permission#com.amazon.device.messaging.permission.RECEIVE
ADDED from src/main/AndroidManifest.xml:66:5-86
	android:name
		ADDED from src/main/AndroidManifest.xml:66:22-83
uses-permission#android.permission.WAKE_LOCK
ADDED from src/main/AndroidManifest.xml:69:5-68
	android:name
		ADDED from src/main/AndroidManifest.xml:69:22-65
application
ADDED from src/main/AndroidManifest.xml:71:5-124:19
amazon:enable-feature
ADDED from src/main/AndroidManifest.xml:80:9-82:40
	android:required
		ADDED from src/main/AndroidManifest.xml:82:13-37
	android:name
		ADDED from src/main/AndroidManifest.xml:81:13-55
activity#com.amazon.android.tv.tenfoot.ui.activities.FullContentBrowseActivity
ADDED from src/main/AndroidManifest.xml:85:9-87:56
	android:screenOrientation
		ADDED from src/main/AndroidManifest.xml:87:17-54
	android:name
		ADDED from src/main/AndroidManifest.xml:86:17-101
activity#com.amazon.android.tv.tenfoot.ui.activities.ContentBrowseActivity
ADDED from src/main/AndroidManifest.xml:88:9-90:56
	android:screenOrientation
		ADDED from src/main/AndroidManifest.xml:90:17-54
	android:name
		ADDED from src/main/AndroidManifest.xml:89:17-97
activity#com.amazon.android.tv.tenfoot.ui.activities.ContentDetailsActivity
ADDED from src/main/AndroidManifest.xml:91:9-101:20
	android:exported
		ADDED from src/main/AndroidManifest.xml:93:17-40
	android:name
		ADDED from src/main/AndroidManifest.xml:92:17-98
intent-filter#action:name:android.intent.action.VIEW
ADDED from src/main/AndroidManifest.xml:96:13-99:29
action#android.intent.action.VIEW
ADDED from src/main/AndroidManifest.xml:97:17-68
	android:name
		ADDED from src/main/AndroidManifest.xml:97:25-66
activity#com.amazon.android.tv.tenfoot.ui.activities.ContentSearchActivity
ADDED from src/main/AndroidManifest.xml:102:9-101
	android:name
		ADDED from src/main/AndroidManifest.xml:102:19-99
activity#com.amazon.android.tv.tenfoot.ui.activities.SplashActivity
ADDED from src/main/AndroidManifest.xml:103:9-94
	android:name
		ADDED from src/main/AndroidManifest.xml:103:19-92
activity#com.amazon.android.uamp.ui.PlaybackActivity
ADDED from src/main/AndroidManifest.xml:104:9-79
	android:name
		ADDED from src/main/AndroidManifest.xml:104:19-77
service#com.amazon.android.tv.tenfoot.receiver.TenFootADMessageHandler
ADDED from src/main/AndroidManifest.xml:109:9-111:40
	android:exported
		ADDED from src/main/AndroidManifest.xml:111:13-37
	android:name
		ADDED from src/main/AndroidManifest.xml:110:13-61
receiver#com.amazon.android.tv.tenfoot.receiver.TenFootADMessageHandler$MessageAlertReceiver
ADDED from src/main/AndroidManifest.xml:113:9-121:20
	android:permission
		ADDED from src/main/AndroidManifest.xml:115:13-77
	android:name
		ADDED from src/main/AndroidManifest.xml:114:13-82
intent-filter#action:name:com.amazon.device.messaging.intent.RECEIVE+action:name:com.amazon.device.messaging.intent.REGISTRATION+category:name:com.fireappbuilder.android.mycompany123
ADDED from src/main/AndroidManifest.xml:116:13-120:29
action#com.amazon.device.messaging.intent.REGISTRATION
ADDED from src/main/AndroidManifest.xml:117:17-90
	android:name
		ADDED from src/main/AndroidManifest.xml:117:25-87
action#com.amazon.device.messaging.intent.RECEIVE
ADDED from src/main/AndroidManifest.xml:118:17-85
	android:name
		ADDED from src/main/AndroidManifest.xml:118:25-82
category#com.fireappbuilder.android.mycompany123
ADDED from src/main/AndroidManifest.xml:119:17-84
	android:name
		ADDED from src/main/AndroidManifest.xml:119:27-81
uses-sdk
INJECTED from src/main/AndroidManifest.xml reason: use-sdk injection requested
INJECTED from src/main/AndroidManifest.xml
INJECTED from src/main/AndroidManifest.xml
INJECTED from src/main/AndroidManifest.xml
INJECTED from src/main/AndroidManifest.xml
	android:targetSdkVersion
		INJECTED from src/main/AndroidManifest.xml
		ADDED from src/main/AndroidManifest.xml
		INJECTED from src/main/AndroidManifest.xml
	android:minSdkVersion
		INJECTED from src/main/AndroidManifest.xml
		ADDED from src/main/AndroidManifest.xml
		INJECTED from src/main/AndroidManifest.xml